[35m[1mConsolidate compiler generated dependencies of target action_msgs__rosidl_generator_c[0m
failed to create symbolic link '/home/ubuntu/microros_ws/build/action_msgs/ament_cmake_python/action_msgs/action_msgs' because existing path cannot be removed: Is a directory
gmake[2]: *** [CMakeFiles/ament_cmake_python_symlink_action_msgs.dir/build.make:70: CMakeFiles/ament_cmake_python_symlink_action_msgs] Error 1
gmake[1]: *** [CMakeFiles/Makefile2:421: CMakeFiles/ament_cmake_python_symlink_action_msgs.dir/all] Error 2
gmake[1]: *** Waiting for unfinished jobs....
[  1%] Built target action_msgs__cpp
[ 12%] Built target action_msgs__rosidl_generator_c
gmake: *** [Makefile:146: all] Error 2
